[debug] [2025-06-21T13:09:57.056Z] ----------------------------------------------------------------------
[debug] [2025-06-21T13:09:57.059Z] Command:       C:\Program Files\nodejs\node.exe C:\Users\Amit Gusain\AppData\Roaming\npm\node_modules\firebase-tools\lib\bin\firebase.js init
[debug] [2025-06-21T13:09:57.060Z] CLI Version:   14.8.0
[debug] [2025-06-21T13:09:57.060Z] Platform:      win32
[debug] [2025-06-21T13:09:57.060Z] Node Version:  v22.13.1
[debug] [2025-06-21T13:09:57.061Z] Time:          Sat Jun 21 2025 18:39:57 GMT+0530 (India Standard Time)
[debug] [2025-06-21T13:09:57.061Z] ----------------------------------------------------------------------
[debug] 
[debug] [2025-06-21T13:09:57.071Z] > command requires scopes: ["email","openid","https://www.googleapis.com/auth/cloudplatformprojects.readonly","https://www.googleapis.com/auth/firebase","https://www.googleapis.com/auth/cloud-platform"]
[debug] [2025-06-21T13:09:57.072Z] > authorizing via signed-in user (amit2982002@gmail.com)
[info] 
     ######## #### ########  ######## ########     ###     ######  ########
     ##        ##  ##     ## ##       ##     ##  ##   ##  ##       ##
     ######    ##  ########  ######   ########  #########  ######  ######
     ##        ##  ##    ##  ##       ##     ## ##     ##       ## ##
     ##       #### ##     ## ######## ########  ##     ##  ######  ########

You're about to initialize a Firebase project in this directory:

  C:\Users\Amit Gusain\OneDrive\Desktop\Namaste-React

[info] 
=== Project Setup
[info] 
[info] First, let's associate this project directory with a Firebase project.
[info] You can create multiple project aliases by running firebase use --add, 
[info] but for now we'll just set up a default project.
[info] 
[info] i  If you want to create a project in a Google Cloud organization or folder, please use "firebase projects:create" instead, and return to this command when you've created the project. 
